2025-03-02 12:46:55 [restartedMain] [INFO] c.b.e.EmployeePayrollAppApplication Starting EmployeePayrollAppApplication using Java 21.0.1 with PID 22024 (C:\Users\FTT\OneDrive\Desktop\SpringBoot\EmployeePayrollApp\target\classes started by FTT in C:\Users\FTT\OneDrive\Desktop\SpringBoot\EmployeePayrollApp)
2025-03-02 12:46:55 [restartedMain] [DEBUG] c.b.e.EmployeePayrollAppApplication Running with Spring Boot v3.4.3, Spring v6.2.3
2025-03-02 12:46:55 [restartedMain] [INFO] c.b.e.EmployeePayrollAppApplication The following 1 profile is active: "dev"
2025-03-02 12:47:05 [restartedMain] [WARN] o.s.b.a.o.j.JpaBaseConfiguration$JpaWebConfiguration spring.jpa.open-in-view is enabled by default. Therefore, database queries may be performed during view rendering. Explicitly configure spring.jpa.open-in-view to disable this warning
2025-03-02 12:47:06 [restartedMain] [INFO] c.b.e.EmployeePayrollAppApplication Started EmployeePayrollAppApplication in 11.994 seconds (process running for 13.297)
2025-03-02 12:47:41 [http-nio-8080-exec-2] [INFO] c.b.e.controller.EmployeeController Creating new employee
2025-03-02 12:47:41 [http-nio-8080-exec-2] [INFO] c.b.e.service.EmployeeService Adding employee: EmployeeDTO(id=null, name=Shristy Mishra, salary=25000.0, gender=female, startDate=2025-03-01, note=Hello I am Shristy, profilePic=Neutral, department=[AIML, Computer Science])
2025-03-02 12:47:42 [http-nio-8080-exec-2] [INFO] c.b.e.service.EmployeeService Employee saved with ID: 4
2025-03-02 12:48:36 [http-nio-8080-exec-3] [INFO] c.b.e.controller.EmployeeController Creating new employee
2025-03-02 12:48:36 [http-nio-8080-exec-3] [INFO] c.b.e.service.EmployeeService Adding employee: EmployeeDTO(id=null, name=Vivek Patel, salary=250000.0, gender=male, startDate=2021-03-01, note=Hello I am Vivek, profilePic=Happy, department=[Data Science, Computer Science])
2025-03-02 12:48:36 [http-nio-8080-exec-3] [INFO] c.b.e.service.EmployeeService Employee saved with ID: 5
2025-03-02 12:58:35 [restartedMain] [INFO] c.b.e.EmployeePayrollAppApplication Starting EmployeePayrollAppApplication using Java 21.0.1 with PID 23836 (C:\Users\FTT\OneDrive\Desktop\SpringBoot\EmployeePayrollApp\target\classes started by FTT in C:\Users\FTT\OneDrive\Desktop\SpringBoot\EmployeePayrollApp)
2025-03-02 12:58:35 [restartedMain] [DEBUG] c.b.e.EmployeePayrollAppApplication Running with Spring Boot v3.4.3, Spring v6.2.3
2025-03-02 12:58:35 [restartedMain] [INFO] c.b.e.EmployeePayrollAppApplication The following 1 profile is active: "dev"
2025-03-02 12:58:47 [restartedMain] [WARN] o.s.b.a.o.j.JpaBaseConfiguration$JpaWebConfiguration spring.jpa.open-in-view is enabled by default. Therefore, database queries may be performed during view rendering. Explicitly configure spring.jpa.open-in-view to disable this warning
2025-03-02 12:58:49 [restartedMain] [INFO] c.b.e.EmployeePayrollAppApplication Started EmployeePayrollAppApplication in 15.278 seconds (process running for 16.613)
2025-03-02 12:59:27 [http-nio-8080-exec-1] [INFO] c.b.e.controller.EmployeeController Fetching all employees
2025-03-02 12:59:27 [http-nio-8080-exec-1] [INFO] c.b.e.service.EmployeeService Fetching all employees...
2025-03-02 16:35:42 [restartedMain] [INFO] c.b.e.EmployeePayrollAppApplication Starting EmployeePayrollAppApplication using Java 21.0.1 with PID 21160 (C:\Users\FTT\OneDrive\Desktop\SpringBoot\EmployeePayrollApp\target\classes started by FTT in C:\Users\FTT\OneDrive\Desktop\SpringBoot\EmployeePayrollApp)
2025-03-02 16:35:42 [restartedMain] [DEBUG] c.b.e.EmployeePayrollAppApplication Running with Spring Boot v3.4.3, Spring v6.2.3
2025-03-02 16:35:42 [restartedMain] [INFO] c.b.e.EmployeePayrollAppApplication The following 1 profile is active: "dev"
2025-03-02 16:35:48 [restartedMain] [WARN] o.s.b.a.o.j.JpaBaseConfiguration$JpaWebConfiguration spring.jpa.open-in-view is enabled by default. Therefore, database queries may be performed during view rendering. Explicitly configure spring.jpa.open-in-view to disable this warning
2025-03-02 16:35:49 [restartedMain] [INFO] c.b.e.EmployeePayrollAppApplication Started EmployeePayrollAppApplication in 7.606 seconds (process running for 8.695)
2025-03-02 16:36:06 [http-nio-8080-exec-1] [INFO] c.b.e.controller.EmployeeController Fetching all employees
2025-03-02 16:36:06 [http-nio-8080-exec-1] [INFO] c.b.e.service.EmployeeService Fetching all employees...
2025-03-02 16:36:23 [http-nio-8080-exec-4] [INFO] c.b.e.controller.EmployeeController Fetching employee with ID: 1
2025-03-02 16:36:23 [http-nio-8080-exec-4] [INFO] c.b.e.service.EmployeeService Fetching employee with ID: 1
2025-03-02 16:36:26 [http-nio-8080-exec-5] [INFO] c.b.e.controller.EmployeeController Fetching employee with ID: 2
2025-03-02 16:36:26 [http-nio-8080-exec-5] [INFO] c.b.e.service.EmployeeService Fetching employee with ID: 2
2025-03-02 17:44:14 [restartedMain] [INFO] c.b.e.EmployeePayrollAppApplication Starting EmployeePayrollAppApplication using Java 21.0.1 with PID 21300 (C:\Users\FTT\OneDrive\Desktop\SpringBoot\EmployeePayrollApp\target\classes started by FTT in C:\Users\FTT\OneDrive\Desktop\SpringBoot\EmployeePayrollApp)
2025-03-02 17:44:14 [restartedMain] [DEBUG] c.b.e.EmployeePayrollAppApplication Running with Spring Boot v3.4.3, Spring v6.2.3
2025-03-02 17:44:14 [restartedMain] [INFO] c.b.e.EmployeePayrollAppApplication The following 1 profile is active: "dev"
2025-03-02 17:44:21 [restartedMain] [WARN] o.s.b.a.o.j.JpaBaseConfiguration$JpaWebConfiguration spring.jpa.open-in-view is enabled by default. Therefore, database queries may be performed during view rendering. Explicitly configure spring.jpa.open-in-view to disable this warning
2025-03-02 17:44:22 [restartedMain] [INFO] c.b.e.EmployeePayrollAppApplication Started EmployeePayrollAppApplication in 8.245 seconds (process running for 9.205)
2025-03-02 17:44:34 [http-nio-8080-exec-3] [INFO] c.b.e.controller.EmployeeController Fetching all employees
2025-03-02 17:44:34 [http-nio-8080-exec-3] [INFO] c.b.e.service.EmployeeService Fetching all employees...
2025-03-02 17:45:50 [http-nio-8080-exec-5] [ERROR] c.b.e.e.EmployeePayrollExceptionHandler Invalid Method Argument
2025-03-02 17:45:50 [http-nio-8080-exec-5] [WARN] o.s.w.s.m.m.a.ExceptionHandlerExceptionResolver Resolved [org.springframework.web.bind.MethodArgumentNotValidException: Validation failed for argument [0] in public org.springframework.http.ResponseEntity<com.bridgelabz.employeepayrollapp.dto.EmployeeDTO> com.bridgelabz.employeepayrollapp.controller.EmployeeController.addEmployee(com.bridgelabz.employeepayrollapp.dto.EmployeeDTO): [Field error in object 'employeeDTO' on field 'salary': rejected value [250.0]; codes [Min.employeeDTO.salary,Min.salary,Min.double,Min]; arguments [org.springframework.context.support.DefaultMessageSourceResolvable: codes [employeeDTO.salary,salary]; arguments []; default message [salary],500]; default message [Min Wage Should be more than 500]] ]
2025-03-02 17:46:11 [http-nio-8080-exec-8] [ERROR] c.b.e.e.EmployeePayrollExceptionHandler Invalid Method Argument
2025-03-02 17:46:11 [http-nio-8080-exec-8] [WARN] o.s.w.s.m.m.a.ExceptionHandlerExceptionResolver Resolved [org.springframework.web.bind.MethodArgumentNotValidException: Validation failed for argument [0] in public org.springframework.http.ResponseEntity<com.bridgelabz.employeepayrollapp.dto.EmployeeDTO> com.bridgelabz.employeepayrollapp.controller.EmployeeController.addEmployee(com.bridgelabz.employeepayrollapp.dto.EmployeeDTO): [Field error in object 'employeeDTO' on field 'name': rejected value [somesh Sharma]; codes [Pattern.employeeDTO.name,Pattern.name,Pattern.java.lang.String,Pattern]; arguments [org.springframework.context.support.DefaultMessageSourceResolvable: codes [employeeDTO.name,name]; arguments []; default message [name],[Ljakarta.validation.constraints.Pattern$Flag;@4b8d4815,^[A-Z][a-zA-Z\s]+$]; default message [Name must start with an uppercase letter and does not having any special character]] ]
2025-03-02 17:46:21 [http-nio-8080-exec-10] [INFO] c.b.e.controller.EmployeeController Creating new employee
2025-03-02 17:46:21 [http-nio-8080-exec-10] [INFO] c.b.e.service.EmployeeService Adding employee: EmployeeDTO(id=null, name=Somesh Sharma, salary=2500.0, gender=male, startDate=2025-03-01, note=Hello I am Somesh, profilePic=busy, department=[Data Science, Computer Science])
2025-03-02 17:46:21 [http-nio-8080-exec-10] [INFO] c.b.e.service.EmployeeService Employee saved with ID: 6
2025-03-02 17:46:50 [http-nio-8080-exec-2] [INFO] c.b.e.controller.EmployeeController Getting employee with specific department
2025-03-02 17:47:06 [http-nio-8080-exec-1] [INFO] c.b.e.controller.EmployeeController Getting employee with specific department
2025-03-02 17:47:37 [http-nio-8080-exec-3] [INFO] c.b.e.controller.EmployeeController Getting employee with specific department
2025-03-02 17:48:28 [http-nio-8080-exec-4] [INFO] c.b.e.controller.EmployeeController Getting employee with specific department
